{
  "stats": {
    "suites": 1,
    "tests": 1,
    "passes": 0,
    "pending": 0,
    "failures": 1,
    "start": "2022-09-14T20:44:12.826Z",
    "end": "2022-09-14T20:44:13.649Z",
    "duration": 823,
    "testsRegistered": 3,
    "passPercent": 0,
    "pendingPercent": 0,
    "other": 0,
    "hasOther": false,
    "skipped": 2,
    "hasSkipped": true
  },
  "results": [
    {
      "uuid": "85b2cbce-a4fe-4c31-8197-761da02e432e",
      "title": "",
      "fullFile": "cypress/e2e/wallet.cy.js",
      "file": "cypress/e2e/wallet.cy.js",
      "beforeHooks": [],
      "afterHooks": [],
      "tests": [],
      "suites": [
        {
          "uuid": "0b43dd5e-5ddd-4282-beb8-c513bbf9b7c8",
          "title": "Click in register button",
          "fullFile": "",
          "file": "",
          "beforeHooks": [],
          "afterHooks": [],
          "tests": [
            {
              "title": "Click on register button",
              "fullTitle": "Click in register button Click on register button",
              "timedOut": null,
              "duration": 747,
              "state": "failed",
              "speed": null,
              "pass": false,
              "fail": true,
              "pending": false,
              "context": null,
              "code": "cy.contains('a', 'Não tem uma conta? Cadastre-se').click();\ncy.get('form > :nth-child(5)').click();\ncy.on('window:alert', e => {\n  expect(e).to.contains('Preecha todos os campos!');\n});",
              "err": {
                "message": "CypressError: `cy.visit()` failed trying to load:\n\nhttp://localhost:3001/\n\nWe attempted to make an http request to this URL but the request failed without a response.\n\nWe received this error at the network level:\n\n  > Error: connect ECONNREFUSED 127.0.0.1:3001\n\nCommon situations why this would fail:\n  - you don't have internet access\n  - you forgot to run / boot your web server\n  - your web server isn't accessible\n  - you have weird network configuration settings on your computer\n\nBecause this error occurred during a `before each` hook we are skipping all of the remaining tests.",
                "estack": "CypressError: `cy.visit()` failed trying to load:\n\nhttp://localhost:3001/\n\nWe attempted to make an http request to this URL but the request failed without a response.\n\nWe received this error at the network level:\n\n  > Error: connect ECONNREFUSED 127.0.0.1:3001\n\nCommon situations why this would fail:\n  - you don't have internet access\n  - you forgot to run / boot your web server\n  - your web server isn't accessible\n  - you have weird network configuration settings on your computer\n\nBecause this error occurred during a `before each` hook we are skipping all of the remaining tests.\n    at http://localhost:38085/__cypress/runner/cypress_runner.js:142111:82\n    at visitFailedByErr (http://localhost:38085/__cypress/runner/cypress_runner.js:141413:12)\n    at http://localhost:38085/__cypress/runner/cypress_runner.js:142110:11\n    at tryCatcher (http://localhost:38085/__cypress/runner/cypress_runner.js:11318:23)\n    at Promise._settlePromiseFromHandler (http://localhost:38085/__cypress/runner/cypress_runner.js:9253:31)\n    at Promise._settlePromise (http://localhost:38085/__cypress/runner/cypress_runner.js:9310:18)\n    at Promise._settlePromise0 (http://localhost:38085/__cypress/runner/cypress_runner.js:9355:10)\n    at Promise._settlePromises (http://localhost:38085/__cypress/runner/cypress_runner.js:9431:18)\n    at _drainQueueStep (http://localhost:38085/__cypress/runner/cypress_runner.js:6025:12)\n    at _drainQueue (http://localhost:38085/__cypress/runner/cypress_runner.js:6018:9)\n    at ../../node_modules/bluebird/js/release/async.js.Async._drainQueues (http://localhost:38085/__cypress/runner/cypress_runner.js:6034:5)\n    at Async.drainQueues (http://localhost:38085/__cypress/runner/cypress_runner.js:5904:14)\nFrom Your Spec Code:\n    at Context.eval (http://localhost:38085/__cypress/tests?p=cypress/e2e/wallet.cy.js:122:6)\n\nFrom Node.js Internals:\n  Error: connect ECONNREFUSED 127.0.0.1:3001\n      at TCPConnectWrap.afterConnect [as oncomplete] (node:net:1157:16)\n  ",
                "diff": null
              },
              "uuid": "5c4c949d-0566-4c9c-b991-139977daefcf",
              "parentUUID": "0b43dd5e-5ddd-4282-beb8-c513bbf9b7c8",
              "isHook": false,
              "skipped": false
            },
            {
              "title": "Do register",
              "fullTitle": "Click in register button Do register",
              "timedOut": null,
              "duration": 0,
              "state": "skipped",
              "speed": null,
              "pass": false,
              "fail": false,
              "pending": false,
              "context": null,
              "code": "cy.contains('a', 'Não tem uma conta? Cadastre-se').click();\ncy.get('#name').type(client.name);\ncy.get('#email').type(client.email);\ncy.get('#password').type(client.password);\ncy.get('#secondPassword').type(client.password);\ncy.intercept('POST', 'https://mywallet.onrender.com/register').as('register');\ncy.get('form > :nth-child(5)').click();\ncy.wait('@register');\ncy.on('window:alert', e => {\n  expect(e).to.contains('Usuário criado com sucesso!');\n});",
              "err": {},
              "uuid": "fad98799-9b23-4dc2-898f-681c57bfe9e1",
              "parentUUID": "0b43dd5e-5ddd-4282-beb8-c513bbf9b7c8",
              "isHook": false,
              "skipped": true
            },
            {
              "title": "Do login",
              "fullTitle": "Click in register button Do login",
              "timedOut": null,
              "duration": 0,
              "state": "skipped",
              "speed": null,
              "pass": false,
              "fail": false,
              "pending": false,
              "context": null,
              "code": "cy.get('#email').type(client.email);\ncy.get('#password').type(`${client.password}`);\ncy.intercept('POST', 'https://mywallet.onrender.com/signIn').as('signin');\ncy.get('form > :nth-child(3)').click();\ncy.wait('@signin');\ncy.on('window:alert', e => {\n  expect(e).not.contains('dados inválidos!');\n});",
              "err": {},
              "uuid": "4d4e4721-dc4f-413f-a766-e23cf72757e6",
              "parentUUID": "0b43dd5e-5ddd-4282-beb8-c513bbf9b7c8",
              "isHook": false,
              "skipped": true
            }
          ],
          "suites": [],
          "passes": [],
          "failures": [
            "5c4c949d-0566-4c9c-b991-139977daefcf"
          ],
          "pending": [],
          "skipped": [
            "fad98799-9b23-4dc2-898f-681c57bfe9e1",
            "4d4e4721-dc4f-413f-a766-e23cf72757e6"
          ],
          "duration": 747,
          "root": false,
          "rootEmpty": false,
          "_timeout": 2000
        }
      ],
      "passes": [],
      "failures": [],
      "pending": [],
      "skipped": [],
      "duration": 0,
      "root": true,
      "rootEmpty": true,
      "_timeout": 2000
    }
  ],
  "meta": {
    "mocha": {
      "version": "7.0.1"
    },
    "mochawesome": {
      "options": {
        "quiet": false,
        "reportFilename": "mochawesome",
        "saveHtml": true,
        "saveJson": true,
        "consoleReporter": "spec",
        "useInlineDiffs": false,
        "code": true
      },
      "version": "7.1.3"
    },
    "marge": {
      "options": null,
      "version": "6.2.0"
    }
  }
}